<?xml version="1.0" encoding="UTF-8"?>
<testsuite name="selenide.GenerationOfTestsDemoqa" tests="1" skipped="0" failures="0" errors="0" timestamp="2024-04-25T13:39:14" hostname="HOME-PC" time="38.679">
  <properties/>
  <testcase name="autoTest2()" classname="selenide.GenerationOfTestsDemoqa" time="38.679"/>
  <system-out><![CDATA[]]></system-out>
  <system-err><![CDATA[[Test worker] INFO com.codeborne.selenide.impl.WebDriverThreadLocalContainer - No webdriver is bound to current thread: 1 - let's create a new webdriver
[Test worker] INFO com.codeborne.selenide.impl.FileHelper - Creating folder: C:\Users\Людмила\IdeaProjects\HW04_GitHub\build\downloads\1714052354316_13824_1
[Test worker] INFO io.github.bonigarcia.wdm.WebDriverManager - Using geckodriver 0.34.0 (resolved driver for Firefox 125)
[Test worker] INFO io.github.bonigarcia.wdm.WebDriverManager - Exporting webdriver.gecko.driver as C:\Users\Людмила\.cache\selenium\geckodriver\win64\0.34.0\geckodriver.exe
апр. 25, 2024 4:39:15 PM org.openqa.selenium.remote.service.DriverService$Builder getLogOutput
INFO: Driver logs no longer sent to console by default; https://www.selenium.dev/documentation/webdriver/drivers/service/#setting-log-output
[Test worker] INFO com.codeborne.selenide.webdriver.SelenideNettyClientFactory - Changed readTimeout from PT3M to PT1M30S
[Test worker] INFO com.codeborne.selenide.webdriver.SelenideNettyClientFactory - Changed readTimeout from PT3M to PT1M30S
[Test worker] INFO com.codeborne.selenide.webdriver.BrowserResizer - Set browser size to 1100x1080
[Test worker] INFO com.codeborne.selenide.webdriver.WebDriverFactory - BrowserName=firefox Version=125.0.2 Platform=windows
[Test worker] INFO com.codeborne.selenide.webdriver.WebDriverFactory - Selenide v. 6.16.1
[Test worker] INFO com.codeborne.selenide.webdriver.WebDriverFactory - Selenium WebDriver v. 4.10.0 build revision: c14d967899
[Test worker] INFO com.codeborne.selenide.drivercommands.CreateDriverCommand - Created webdriver in thread 1: FirefoxDriver -> FirefoxDriver: firefox on windows (63596c82-efa0-456d-a171-34d05a229993)
[Test worker] INFO com.codeborne.selenide.drivercommands.DisposablesRegistry - Register WebDriverInstance[config=StaticConfig,webDriver=FirefoxDriver: firefox on windows (63596c82-efa0-456d-a171-34d05a229993),proxy=null,downloadsFolder=C:\Users\Людмила\IdeaProjects\HW04_GitHub\build\downloads\1714052354316_13824_1] in 1 [size=1]
[Test worker] INFO com.codeborne.selenide.drivercommands.DisposablesRegistry - Add shutdown hook in 1 [size=1]
]]></system-err>
</testsuite>
