<?xml version="1.0" encoding="UTF-8"?>
<testsuite name="selenide.RegistrationWithJavaFaker" tests="1" skipped="0" failures="0" errors="0" timestamp="2024-04-26T13:31:08" hostname="HOME-PC" time="29.629">
  <properties/>
  <testcase name="autoTest()" classname="selenide.RegistrationWithJavaFaker" time="29.629"/>
  <system-out><![CDATA[]]></system-out>
  <system-err><![CDATA[[Test worker] INFO com.codeborne.selenide.impl.WebDriverThreadLocalContainer - No webdriver is bound to current thread: 1 - let's create a new webdriver
[Test worker] INFO com.codeborne.selenide.impl.FileHelper - Creating folder: C:\Users\Людмила\IdeaProjects\HW04_GitHub\build\downloads\1714138268841_6856_1
[Test worker] INFO io.github.bonigarcia.wdm.WebDriverManager - Using geckodriver 0.34.0 (resolved driver for Firefox 125)
[Test worker] INFO io.github.bonigarcia.wdm.WebDriverManager - Exporting webdriver.gecko.driver as C:\Users\Людмила\.cache\selenium\geckodriver\win64\0.34.0\geckodriver.exe
апр. 26, 2024 4:31:10 PM org.openqa.selenium.remote.service.DriverService$Builder getLogOutput
INFO: Driver logs no longer sent to console by default; https://www.selenium.dev/documentation/webdriver/drivers/service/#setting-log-output
[Test worker] INFO com.codeborne.selenide.webdriver.SelenideNettyClientFactory - Changed readTimeout from PT3M to PT1M30S
[Test worker] INFO com.codeborne.selenide.webdriver.SelenideNettyClientFactory - Changed readTimeout from PT3M to PT1M30S
[Test worker] INFO com.codeborne.selenide.webdriver.BrowserResizer - Set browser size to 1100x1080
[Test worker] INFO com.codeborne.selenide.webdriver.WebDriverFactory - BrowserName=firefox Version=125.0.2 Platform=windows
[Test worker] INFO com.codeborne.selenide.webdriver.WebDriverFactory - Selenide v. 6.16.1
[Test worker] INFO com.codeborne.selenide.webdriver.WebDriverFactory - Selenium WebDriver v. 4.10.0 build revision: c14d967899
[Test worker] INFO com.codeborne.selenide.drivercommands.CreateDriverCommand - Created webdriver in thread 1: FirefoxDriver -> FirefoxDriver: firefox on windows (fd95bff0-2aad-477a-8584-31d921ef62ee)
[Test worker] INFO com.codeborne.selenide.drivercommands.DisposablesRegistry - Register WebDriverInstance[config=StaticConfig,webDriver=FirefoxDriver: firefox on windows (fd95bff0-2aad-477a-8584-31d921ef62ee),proxy=null,downloadsFolder=C:\Users\Людмила\IdeaProjects\HW04_GitHub\build\downloads\1714138268841_6856_1] in 1 [size=1]
[Test worker] INFO com.codeborne.selenide.drivercommands.DisposablesRegistry - Add shutdown hook in 1 [size=1]
]]></system-err>
</testsuite>
